E:\SilverX's Space\SilverX_Experiments\\Bin\SilverX_Experiments.exe
E:\SilverX's Space\SilverX_Experiments\\Bin\SilverX_Experiments.pdb
E:\SILVERX'S SPACE\SILVERX_EXPERIMENTS\BIN\SILVERX_EXPERIMENTS.EXE
E:\SILVERX'S SPACE\SILVERX_EXPERIMENTS\BIN\SILVERX_EXPERIMENTS.PDB
E:\SILVERX'S SPACE\SILVERX_EXPERIMENTS\SILVERX_EXPERIMENTS\RELEASE\ARCBALL.OBJ
E:\SILVERX'S SPACE\SILVERX_EXPERIMENTS\SILVERX_EXPERIMENTS\RELEASE\BOX.OBJ
E:\SilverX's Space\SilverX_Experiments\SilverX_Experiments\Release\cl.command.1.tlog
E:\SilverX's Space\SilverX_Experiments\SilverX_Experiments\Release\CL.read.1.tlog
E:\SilverX's Space\SilverX_Experiments\SilverX_Experiments\Release\CL.write.1.tlog
E:\SILVERX'S SPACE\SILVERX_EXPERIMENTS\SILVERX_EXPERIMENTS\RELEASE\GLCONTEXT.OBJ
E:\SILVERX'S SPACE\SILVERX_EXPERIMENTS\SILVERX_EXPERIMENTS\RELEASE\GLSHADER.OBJ
E:\SilverX's Space\SilverX_Experiments\SilverX_Experiments\Release\link.command.1.tlog
E:\SilverX's Space\SilverX_Experiments\SilverX_Experiments\Release\link.read.1.tlog
E:\SilverX's Space\SilverX_Experiments\SilverX_Experiments\Release\link.write.1.tlog
E:\SilverX's Space\SilverX_Experiments\SilverX_Experiments\Release\link-cvtres.read.1.tlog
E:\SilverX's Space\SilverX_Experiments\SilverX_Experiments\Release\link-cvtres.write.1.tlog
E:\SILVERX'S SPACE\SILVERX_EXPERIMENTS\SILVERX_EXPERIMENTS\RELEASE\MAINFRM.OBJ
E:\SilverX's Space\SilverX_Experiments\SilverX_Experiments\Release\mt.command.1.tlog
E:\SilverX's Space\SilverX_Experiments\SilverX_Experiments\Release\mt.read.1.tlog
E:\SilverX's Space\SilverX_Experiments\SilverX_Experiments\Release\mt.write.1.tlog
E:\SILVERX'S SPACE\SILVERX_EXPERIMENTS\SILVERX_EXPERIMENTS\RELEASE\QUAD.OBJ
E:\SilverX's Space\SilverX_Experiments\SilverX_Experiments\Release\rc.command.1.tlog
E:\SilverX's Space\SilverX_Experiments\SilverX_Experiments\Release\rc.read.1.tlog
E:\SilverX's Space\SilverX_Experiments\SilverX_Experiments\Release\rc.write.1.tlog
E:\SILVERX'S SPACE\SILVERX_EXPERIMENTS\SILVERX_EXPERIMENTS\RELEASE\SCENE.OBJ
E:\SILVERX'S SPACE\SILVERX_EXPERIMENTS\SILVERX_EXPERIMENTS\RELEASE\SHADERLIB.OBJ
E:\SILVERX'S SPACE\SILVERX_EXPERIMENTS\SILVERX_EXPERIMENTS\RELEASE\SILMESH.OBJ
E:\SILVERX'S SPACE\SILVERX_EXPERIMENTS\SILVERX_EXPERIMENTS\RELEASE\SILVERFRAMEBUFFER.OBJ
E:\SILVERX'S SPACE\SILVERX_EXPERIMENTS\SILVERX_EXPERIMENTS\RELEASE\SILVERX_EXPERIMENTS.EXE.INTERMEDIATE.MANIFEST
E:\SILVERX'S SPACE\SILVERX_EXPERIMENTS\SILVERX_EXPERIMENTS\RELEASE\SILVERX_EXPERIMENTS.OBJ
E:\SILVERX'S SPACE\SILVERX_EXPERIMENTS\SILVERX_EXPERIMENTS\RELEASE\SILVERX_EXPERIMENTS.PCH
E:\SILVERX'S SPACE\SILVERX_EXPERIMENTS\SILVERX_EXPERIMENTS\RELEASE\SILVERX_EXPERIMENTS.RES
E:\SilverX's Space\SilverX_Experiments\SilverX_Experiments\Release\SilverX_Experiments.vcxprojResolveAssemblyReference.cache
E:\SilverX's Space\SilverX_Experiments\SilverX_Experiments\Release\SilverX_Experiments.write.1.tlog
E:\SILVERX'S SPACE\SILVERX_EXPERIMENTS\SILVERX_EXPERIMENTS\RELEASE\SILVERX_EXPERIMENTSDOC.OBJ
E:\SILVERX'S SPACE\SILVERX_EXPERIMENTS\SILVERX_EXPERIMENTS\RELEASE\SILVERX_EXPERIMENTSVIEW.OBJ
E:\SILVERX'S SPACE\SILVERX_EXPERIMENTS\SILVERX_EXPERIMENTS\RELEASE\STDAFX.OBJ
E:\SILVERX'S SPACE\SILVERX_EXPERIMENTS\SILVERX_EXPERIMENTS\RELEASE\TEXTURE.OBJ
E:\SILVERX'S SPACE\SILVERX_EXPERIMENTS\SILVERX_EXPERIMENTS\RELEASE\TRIAL.OBJ
E:\SILVERX'S SPACE\SILVERX_EXPERIMENTS\SILVERX_EXPERIMENTS\RELEASE\VC100.PDB
E:\SILVERX'S SPACE\SILVERX_EXPERIMENTS\SILVERX_EXPERIMENTS\RELEASE\WXCAMERA.OBJ
E:\SILVERX'S SPACE\SILVERX_EXPERIMENTS\SILVERX_EXPERIMENTS\RELEASE\XARCBALL.OBJ
E:\SILVERX'S SPACE\SILVERX_EXPERIMENTS\SILVERX_EXPERIMENTS\RELEASE\XBOUNDINGBOX.OBJ
E:\SILVERX'S SPACE\SILVERX_EXPERIMENTS\SILVERX_EXPERIMENTS\RELEASE\XCAMERA.OBJ
E:\SILVERX'S SPACE\SILVERX_EXPERIMENTS\SILVERX_EXPERIMENTS\RELEASE\XCOLOR.OBJ
E:\SILVERX'S SPACE\SILVERX_EXPERIMENTS\SILVERX_EXPERIMENTS\RELEASE\XCURVATURE.OBJ
E:\SILVERX'S SPACE\SILVERX_EXPERIMENTS\SILVERX_EXPERIMENTS\RELEASE\XEDGE.OBJ
E:\SILVERX'S SPACE\SILVERX_EXPERIMENTS\SILVERX_EXPERIMENTS\RELEASE\XEULERANGLES.OBJ
E:\SILVERX'S SPACE\SILVERX_EXPERIMENTS\SILVERX_EXPERIMENTS\RELEASE\XFACE.OBJ
E:\SILVERX'S SPACE\SILVERX_EXPERIMENTS\SILVERX_EXPERIMENTS\RELEASE\XFILEIO.OBJ
E:\SILVERX'S SPACE\SILVERX_EXPERIMENTS\SILVERX_EXPERIMENTS\RELEASE\XFRUSTUM.OBJ
E:\SILVERX'S SPACE\SILVERX_EXPERIMENTS\SILVERX_EXPERIMENTS\RELEASE\XMATERIAL.OBJ
E:\SILVERX'S SPACE\SILVERX_EXPERIMENTS\SILVERX_EXPERIMENTS\RELEASE\XMATRIX44.OBJ
E:\SILVERX'S SPACE\SILVERX_EXPERIMENTS\SILVERX_EXPERIMENTS\RELEASE\XMESH.OBJ
E:\SILVERX'S SPACE\SILVERX_EXPERIMENTS\SILVERX_EXPERIMENTS\RELEASE\XMESHANGIOGRAPHY.OBJ
E:\SILVERX'S SPACE\SILVERX_EXPERIMENTS\SILVERX_EXPERIMENTS\RELEASE\XMESHKDTREE.OBJ
E:\SILVERX'S SPACE\SILVERX_EXPERIMENTS\SILVERX_EXPERIMENTS\RELEASE\XMESHREPAIR.OBJ
E:\SILVERX'S SPACE\SILVERX_EXPERIMENTS\SILVERX_EXPERIMENTS\RELEASE\XMESHSMOOTH.OBJ
E:\SILVERX'S SPACE\SILVERX_EXPERIMENTS\SILVERX_EXPERIMENTS\RELEASE\XPLANE.OBJ
E:\SILVERX'S SPACE\SILVERX_EXPERIMENTS\SILVERX_EXPERIMENTS\RELEASE\XQUATERNION.OBJ
E:\SILVERX'S SPACE\SILVERX_EXPERIMENTS\SILVERX_EXPERIMENTS\RELEASE\XRAY.OBJ
E:\SILVERX'S SPACE\SILVERX_EXPERIMENTS\SILVERX_EXPERIMENTS\RELEASE\XSPHERE.OBJ
E:\SILVERX'S SPACE\SILVERX_EXPERIMENTS\SILVERX_EXPERIMENTS\RELEASE\XTIMER.OBJ
E:\SILVERX'S SPACE\SILVERX_EXPERIMENTS\SILVERX_EXPERIMENTS\RELEASE\XTRANSFORMER.OBJ
E:\SILVERX'S SPACE\SILVERX_EXPERIMENTS\SILVERX_EXPERIMENTS\RELEASE\XUTIL.OBJ
E:\SILVERX'S SPACE\SILVERX_EXPERIMENTS\SILVERX_EXPERIMENTS\RELEASE\XUTILMFC.OBJ
E:\SILVERX'S SPACE\SILVERX_EXPERIMENTS\SILVERX_EXPERIMENTS\RELEASE\XVECTOR3D.OBJ
E:\SILVERX'S SPACE\SILVERX_EXPERIMENTS\SILVERX_EXPERIMENTS\RELEASE\XVERTEX3D.OBJ
E:\SILVERX'S SPACE\SILVERX_EXPERIMENTS\SILVERX_EXPERIMENTS\RELEASE\XVIEWPORT.OBJ
