E:\SILVERX'S SPACE\SILVERX_EXPERIMENTS\BIN\SILVERX_EXPERIMENTS.EXE
E:\SILVERX'S SPACE\SILVERX_EXPERIMENTS\BIN\SILVERX_EXPERIMENTS.ILK
E:\SILVERX'S SPACE\SILVERX_EXPERIMENTS\BIN\SILVERX_EXPERIMENTS.PDB
E:\SILVERX'S SPACE\SILVERX_EXPERIMENTS\SILVERX_EXPERIMENTS\DEBUG\ARCBALL.OBJ
E:\SILVERX'S SPACE\SILVERX_EXPERIMENTS\SILVERX_EXPERIMENTS\DEBUG\BOX.OBJ
E:\SilverX's Space\SilverX_Experiments\SilverX_Experiments\Debug\cl.command.1.tlog
E:\SilverX's Space\SilverX_Experiments\SilverX_Experiments\Debug\CL.read.1.tlog
E:\SilverX's Space\SilverX_Experiments\SilverX_Experiments\Debug\CL.write.1.tlog
E:\SILVERX'S SPACE\SILVERX_EXPERIMENTS\SILVERX_EXPERIMENTS\DEBUG\GLCONTEXT.OBJ
E:\SILVERX'S SPACE\SILVERX_EXPERIMENTS\SILVERX_EXPERIMENTS\DEBUG\GLSHADER.OBJ
E:\SilverX's Space\SilverX_Experiments\SilverX_Experiments\Debug\link.20620.read.1.tlog
E:\SilverX's Space\SilverX_Experiments\SilverX_Experiments\Debug\link.20620.write.1.tlog
E:\SilverX's Space\SilverX_Experiments\SilverX_Experiments\Debug\link.20620-cvtres.read.1.tlog
E:\SilverX's Space\SilverX_Experiments\SilverX_Experiments\Debug\link.20620-cvtres.write.1.tlog
E:\SilverX's Space\SilverX_Experiments\SilverX_Experiments\Debug\link.20996.read.1.tlog
E:\SilverX's Space\SilverX_Experiments\SilverX_Experiments\Debug\link.20996.write.1.tlog
E:\SilverX's Space\SilverX_Experiments\SilverX_Experiments\Debug\link.20996-cvtres.read.1.tlog
E:\SilverX's Space\SilverX_Experiments\SilverX_Experiments\Debug\link.20996-cvtres.write.1.tlog
E:\SilverX's Space\SilverX_Experiments\SilverX_Experiments\Debug\link.command.1.tlog
E:\SilverX's Space\SilverX_Experiments\SilverX_Experiments\Debug\link.read.1.tlog
E:\SilverX's Space\SilverX_Experiments\SilverX_Experiments\Debug\link.write.1.tlog
E:\SilverX's Space\SilverX_Experiments\SilverX_Experiments\Debug\link-cvtres.read.1.tlog
E:\SilverX's Space\SilverX_Experiments\SilverX_Experiments\Debug\link-cvtres.write.1.tlog
E:\SILVERX'S SPACE\SILVERX_EXPERIMENTS\SILVERX_EXPERIMENTS\DEBUG\MAINFRM.OBJ
E:\SilverX's Space\SilverX_Experiments\SilverX_Experiments\Debug\mt.command.1.tlog
E:\SilverX's Space\SilverX_Experiments\SilverX_Experiments\Debug\mt.read.1.tlog
E:\SilverX's Space\SilverX_Experiments\SilverX_Experiments\Debug\mt.write.1.tlog
E:\SILVERX'S SPACE\SILVERX_EXPERIMENTS\SILVERX_EXPERIMENTS\DEBUG\QUAD.OBJ
E:\SilverX's Space\SilverX_Experiments\SilverX_Experiments\Debug\rc.command.1.tlog
E:\SilverX's Space\SilverX_Experiments\SilverX_Experiments\Debug\rc.read.1.tlog
E:\SilverX's Space\SilverX_Experiments\SilverX_Experiments\Debug\rc.write.1.tlog
E:\SILVERX'S SPACE\SILVERX_EXPERIMENTS\SILVERX_EXPERIMENTS\DEBUG\SCENE.OBJ
E:\SILVERX'S SPACE\SILVERX_EXPERIMENTS\SILVERX_EXPERIMENTS\DEBUG\SHADERLIB.OBJ
E:\SILVERX'S SPACE\SILVERX_EXPERIMENTS\SILVERX_EXPERIMENTS\DEBUG\SILMESH.OBJ
E:\SILVERX'S SPACE\SILVERX_EXPERIMENTS\SILVERX_EXPERIMENTS\DEBUG\SILVERFRAMEBUFFER.OBJ
E:\SILVERX'S SPACE\SILVERX_EXPERIMENTS\SILVERX_EXPERIMENTS\DEBUG\SILVERX_EXPERIMENTS.EXE.EMBED.MANIFEST
E:\SILVERX'S SPACE\SILVERX_EXPERIMENTS\SILVERX_EXPERIMENTS\DEBUG\SILVERX_EXPERIMENTS.EXE.EMBED.MANIFEST.RES
E:\SILVERX'S SPACE\SILVERX_EXPERIMENTS\SILVERX_EXPERIMENTS\DEBUG\SILVERX_EXPERIMENTS.EXE.INTERMEDIATE.MANIFEST
E:\SILVERX'S SPACE\SILVERX_EXPERIMENTS\SILVERX_EXPERIMENTS\DEBUG\SILVERX_EXPERIMENTS.OBJ
E:\SILVERX'S SPACE\SILVERX_EXPERIMENTS\SILVERX_EXPERIMENTS\DEBUG\SILVERX_EXPERIMENTS.PCH
E:\SILVERX'S SPACE\SILVERX_EXPERIMENTS\SILVERX_EXPERIMENTS\DEBUG\SILVERX_EXPERIMENTS.RES
E:\SilverX's Space\SilverX_Experiments\SilverX_Experiments\Debug\SilverX_Experiments.vcxprojResolveAssemblyReference.cache
E:\SilverX's Space\SilverX_Experiments\SilverX_Experiments\Debug\SilverX_Experiments.write.1.tlog
E:\SilverX's Space\SilverX_Experiments\SilverX_Experiments\Debug\SilverX_Experiments_manifest.rc
E:\SILVERX'S SPACE\SILVERX_EXPERIMENTS\SILVERX_EXPERIMENTS\DEBUG\SILVERX_EXPERIMENTSDOC.OBJ
E:\SILVERX'S SPACE\SILVERX_EXPERIMENTS\SILVERX_EXPERIMENTS\DEBUG\SILVERX_EXPERIMENTSVIEW.OBJ
E:\SILVERX'S SPACE\SILVERX_EXPERIMENTS\SILVERX_EXPERIMENTS\DEBUG\STDAFX.OBJ
E:\SILVERX'S SPACE\SILVERX_EXPERIMENTS\SILVERX_EXPERIMENTS\DEBUG\TEXTURE.OBJ
E:\SILVERX'S SPACE\SILVERX_EXPERIMENTS\SILVERX_EXPERIMENTS\DEBUG\TRIAL.OBJ
E:\SilverX's Space\SilverX_Experiments\SilverX_Experiments\Debug\vc100.idb
E:\SILVERX'S SPACE\SILVERX_EXPERIMENTS\SILVERX_EXPERIMENTS\DEBUG\VC100.PDB
E:\SILVERX'S SPACE\SILVERX_EXPERIMENTS\SILVERX_EXPERIMENTS\DEBUG\WXCAMERA.OBJ
E:\SILVERX'S SPACE\SILVERX_EXPERIMENTS\SILVERX_EXPERIMENTS\DEBUG\XARCBALL.OBJ
E:\SILVERX'S SPACE\SILVERX_EXPERIMENTS\SILVERX_EXPERIMENTS\DEBUG\XBOUNDINGBOX.OBJ
E:\SILVERX'S SPACE\SILVERX_EXPERIMENTS\SILVERX_EXPERIMENTS\DEBUG\XCAMERA.OBJ
E:\SILVERX'S SPACE\SILVERX_EXPERIMENTS\SILVERX_EXPERIMENTS\DEBUG\XCOLOR.OBJ
E:\SILVERX'S SPACE\SILVERX_EXPERIMENTS\SILVERX_EXPERIMENTS\DEBUG\XCURVATURE.OBJ
E:\SILVERX'S SPACE\SILVERX_EXPERIMENTS\SILVERX_EXPERIMENTS\DEBUG\XEDGE.OBJ
E:\SILVERX'S SPACE\SILVERX_EXPERIMENTS\SILVERX_EXPERIMENTS\DEBUG\XEULERANGLES.OBJ
E:\SILVERX'S SPACE\SILVERX_EXPERIMENTS\SILVERX_EXPERIMENTS\DEBUG\XFACE.OBJ
E:\SILVERX'S SPACE\SILVERX_EXPERIMENTS\SILVERX_EXPERIMENTS\DEBUG\XFILEIO.OBJ
E:\SILVERX'S SPACE\SILVERX_EXPERIMENTS\SILVERX_EXPERIMENTS\DEBUG\XFRUSTUM.OBJ
E:\SILVERX'S SPACE\SILVERX_EXPERIMENTS\SILVERX_EXPERIMENTS\DEBUG\XMATERIAL.OBJ
E:\SILVERX'S SPACE\SILVERX_EXPERIMENTS\SILVERX_EXPERIMENTS\DEBUG\XMATRIX44.OBJ
E:\SILVERX'S SPACE\SILVERX_EXPERIMENTS\SILVERX_EXPERIMENTS\DEBUG\XMESH.OBJ
E:\SILVERX'S SPACE\SILVERX_EXPERIMENTS\SILVERX_EXPERIMENTS\DEBUG\XMESHANGIOGRAPHY.OBJ
E:\SILVERX'S SPACE\SILVERX_EXPERIMENTS\SILVERX_EXPERIMENTS\DEBUG\XMESHKDTREE.OBJ
E:\SILVERX'S SPACE\SILVERX_EXPERIMENTS\SILVERX_EXPERIMENTS\DEBUG\XMESHREPAIR.OBJ
E:\SILVERX'S SPACE\SILVERX_EXPERIMENTS\SILVERX_EXPERIMENTS\DEBUG\XMESHSMOOTH.OBJ
E:\SILVERX'S SPACE\SILVERX_EXPERIMENTS\SILVERX_EXPERIMENTS\DEBUG\XPLANE.OBJ
E:\SILVERX'S SPACE\SILVERX_EXPERIMENTS\SILVERX_EXPERIMENTS\DEBUG\XQUATERNION.OBJ
E:\SILVERX'S SPACE\SILVERX_EXPERIMENTS\SILVERX_EXPERIMENTS\DEBUG\XRAY.OBJ
E:\SILVERX'S SPACE\SILVERX_EXPERIMENTS\SILVERX_EXPERIMENTS\DEBUG\XSPHERE.OBJ
E:\SILVERX'S SPACE\SILVERX_EXPERIMENTS\SILVERX_EXPERIMENTS\DEBUG\XTIMER.OBJ
E:\SILVERX'S SPACE\SILVERX_EXPERIMENTS\SILVERX_EXPERIMENTS\DEBUG\XTRANSFORMER.OBJ
E:\SILVERX'S SPACE\SILVERX_EXPERIMENTS\SILVERX_EXPERIMENTS\DEBUG\XUTIL.OBJ
E:\SILVERX'S SPACE\SILVERX_EXPERIMENTS\SILVERX_EXPERIMENTS\DEBUG\XUTILMFC.OBJ
E:\SILVERX'S SPACE\SILVERX_EXPERIMENTS\SILVERX_EXPERIMENTS\DEBUG\XVECTOR3D.OBJ
E:\SILVERX'S SPACE\SILVERX_EXPERIMENTS\SILVERX_EXPERIMENTS\DEBUG\XVERTEX3D.OBJ
E:\SILVERX'S SPACE\SILVERX_EXPERIMENTS\SILVERX_EXPERIMENTS\DEBUG\XVIEWPORT.OBJ
